[2023-10-13 16:16:19,758][py.warnings][WARNING] - C:\CryptoPredictions\data_loader\creator.py:27: SettingWithCopyWarning: 
A value is trying to be set on a copy of a slice from a DataFrame.
Try using .loc[row_indexer,col_indexer] = value instead

See the caveats in the documentation: https://pandas.pydata.org/pandas-docs/stable/user_guide/indexing.html#returning-a-view-versus-a-copy
  df['Mean'] = (df['Low'] + df['High']) / 2

[2023-10-13 16:16:29,962][py.warnings][WARNING] - C:\CryptoPredictions\data_loader\indicators.py:376: NumbaPendingDeprecationWarning: [1m[1mCode using Numba extension API maybe depending on 'old_style' error-capturing, which is deprecated and will be replaced by 'new_style' in a future release. See details at https://numba.readthedocs.io/en/latest/reference/deprecation.html#deprecation-of-old-style-numba-captured-errors
Exception origin:
  File "C:\CryptoPredictions\data_loader\indicators.py", line 141, in np_clip
    for i in range(len(a)):
[0m[0m
  up, down = np.clip(delta, a_min=0, a_max=np.max(delta)), np.clip(delta, a_min=np.min(delta), a_max=0)

[2023-10-13 16:16:33,435][py.warnings][WARNING] - C:\CryptoPredictions\data_loader\indicators.py:405: NumbaPendingDeprecationWarning: [1m[1m[1mCode using Numba extension API maybe depending on 'old_style' error-capturing, which is deprecated and will be replaced by 'new_style' in a future release. See details at https://numba.readthedocs.io/en/latest/reference/deprecation.html#deprecation-of-old-style-numba-captured-errors
Exception origin:
  File "C:\CryptoPredictions\data_loader\indicators.py", line 141, in np_clip
    for i in range(len(a)):
[0m[0m[0m
  r = rsi(data, period, smoothing, f_sma, f_clip, f_abs)[period:]

[2023-10-13 16:16:42,901][factory.trainer][INFO] - Training started.
[2023-10-13 16:18:17,698][factory.trainer][INFO] - ----------------------------------------------------------------------------------------------------
[2023-10-13 16:18:17,699][factory.trainer][INFO] - Training is completed in 94.80 seconds.
[2023-10-13 16:18:17,701][factory.evaluator][INFO] - Evaluating started.
[2023-10-13 16:18:18,533][factory.profit_calculator][INFO] - Low price training started.
[2023-10-13 16:18:18,539][factory.trainer][INFO] - Training started.
[2023-10-13 16:19:58,656][factory.trainer][INFO] - ----------------------------------------------------------------------------------------------------
[2023-10-13 16:19:58,656][factory.trainer][INFO] - Training is completed in 100.12 seconds.
[2023-10-13 16:19:58,851][factory.profit_calculator][INFO] - High price training started.
[2023-10-13 16:19:58,858][factory.trainer][INFO] - Training started.
[2023-10-13 16:21:34,073][factory.trainer][INFO] - ----------------------------------------------------------------------------------------------------
[2023-10-13 16:21:34,074][factory.trainer][INFO] - Training is completed in 95.22 seconds.
[2023-10-13 16:21:34,493][__main__][INFO] - 
               | accuracy_score|    f1_score   |  recall_score |precision_score|      MAE      |      RMSE     |      MAPE     |     SMAPE     |      MASE     |      MSLE     
validation-0   |     0.602     |     0.597     |     0.598     |     0.595     |     64.74     |     87.37     |      3.19     |      3.14     |      1.11     |     0.002     

